0 info it worked if it ends with ok
1 verbose cli [ 'node', '/usr/local/bin/npm', 'publish' ]
2 info using npm@1.4.28
3 info using node@v0.10.32
4 verbose publish [ '.' ]
5 verbose cache add [ '.', null ]
6 verbose cache add name=undefined spec="." args=[".",null]
7 verbose parsed url { protocol: null,
7 verbose parsed url   slashes: null,
7 verbose parsed url   auth: null,
7 verbose parsed url   host: null,
7 verbose parsed url   port: null,
7 verbose parsed url   hostname: null,
7 verbose parsed url   hash: null,
7 verbose parsed url   search: null,
7 verbose parsed url   query: null,
7 verbose parsed url   pathname: '.',
7 verbose parsed url   path: '.',
7 verbose parsed url   href: '.' }
8 silly lockFile 3a52ce78- .
9 verbose lock . /Users/kscott/.npm/3a52ce78-.lock
10 verbose tar pack [ '/Users/kscott/.npm/explodeTree/1.0.0/package.tgz', '.' ]
11 verbose tarball /Users/kscott/.npm/explodeTree/1.0.0/package.tgz
12 verbose folder .
13 info prepublish explodeTree@1.0.0
14 silly lockFile 1f1177db-tar tar://.
15 verbose lock tar://. /Users/kscott/.npm/1f1177db-tar.lock
16 silly lockFile a84e7f48-pm-explodeTree-1-0-0-package-tgz tar:///Users/kscott/.npm/explodeTree/1.0.0/package.tgz
17 verbose lock tar:///Users/kscott/.npm/explodeTree/1.0.0/package.tgz /Users/kscott/.npm/a84e7f48-pm-explodeTree-1-0-0-package-tgz.lock
18 silly lockFile 1f1177db-tar tar://.
19 silly lockFile 1f1177db-tar tar://.
20 silly lockFile a84e7f48-pm-explodeTree-1-0-0-package-tgz tar:///Users/kscott/.npm/explodeTree/1.0.0/package.tgz
21 silly lockFile a84e7f48-pm-explodeTree-1-0-0-package-tgz tar:///Users/kscott/.npm/explodeTree/1.0.0/package.tgz
22 silly lockFile aba8cbd2-tt-npm-explodeTree-1-0-0-package /Users/kscott/.npm/explodeTree/1.0.0/package
23 verbose lock /Users/kscott/.npm/explodeTree/1.0.0/package /Users/kscott/.npm/aba8cbd2-tt-npm-explodeTree-1-0-0-package.lock
24 silly lockFile aba8cbd2-tt-npm-explodeTree-1-0-0-package /Users/kscott/.npm/explodeTree/1.0.0/package
25 silly lockFile aba8cbd2-tt-npm-explodeTree-1-0-0-package /Users/kscott/.npm/explodeTree/1.0.0/package
26 silly lockFile 3a52ce78- .
27 silly lockFile 3a52ce78- .
28 silly publish { name: 'explodeTree',
28 silly publish   version: '1.0.0',
28 silly publish   description: 'Takes an array of filenames and produces a tree object',
28 silly publish   main: 'explodeTree.js',
28 silly publish   scripts: { test: 'node test.js' },
28 silly publish   author: { name: 'Kevin Scott' },
28 silly publish   license: 'ISC',
28 silly publish   dependencies: { underscore: '^1.7.0' },
28 silly publish   readme: 'ERROR: No README data found!',
28 silly publish   _id: 'explodeTree@1.0.0',
28 silly publish   _shasum: '9139b1de2312a1283cf6f7830cef0c4df5e76769',
28 silly publish   _from: '.' }
29 verbose request where is /explodeTree
30 verbose request registry https://registry.npmjs.org/
31 verbose request id f0b1967264b3ea9e
32 verbose url raw /explodeTree
33 verbose url resolving [ 'https://registry.npmjs.org/', './explodeTree' ]
34 verbose url resolved https://registry.npmjs.org/explodeTree
35 verbose request where is https://registry.npmjs.org/explodeTree
36 info trying registry request attempt 1 at 14:17:50
37 http PUT https://registry.npmjs.org/explodeTree
38 http 403 https://registry.npmjs.org/explodeTree
39 verbose headers { date: 'Mon, 15 Dec 2014 19:17:49 GMT',
39 verbose headers   server: 'CouchDB/1.5.0 (Erlang OTP/R16B03)',
39 verbose headers   'content-type': 'application/json',
39 verbose headers   'cache-control': 'max-age=60',
39 verbose headers   'content-length': '76',
39 verbose headers   'accept-ranges': 'bytes',
39 verbose headers   via: '1.1 varnish',
39 verbose headers   'x-served-by': 'cache-iad2130-IAD',
39 verbose headers   'x-cache': 'MISS',
39 verbose headers   'x-cache-hits': '0',
39 verbose headers   'x-timer': 'S1418671069.170634,VS0,VE326',
39 verbose headers   'keep-alive': 'timeout=10, max=50',
39 verbose headers   connection: 'Keep-Alive' }
40 error publish Failed PUT 403
41 error Error: forbidden New packages must have all-lowercase names: explodeTree
41 error     at RegClient.<anonymous> (/usr/local/lib/node_modules/npm/node_modules/npm-registry-client/lib/request.js:308:14)
41 error     at Request._callback (/usr/local/lib/node_modules/npm/node_modules/npm-registry-client/lib/request.js:246:65)
41 error     at Request.self.callback (/usr/local/lib/node_modules/npm/node_modules/request/request.js:236:22)
41 error     at Request.emit (events.js:98:17)
41 error     at Request.<anonymous> (/usr/local/lib/node_modules/npm/node_modules/request/request.js:1142:14)
41 error     at Request.emit (events.js:117:20)
41 error     at IncomingMessage.<anonymous> (/usr/local/lib/node_modules/npm/node_modules/request/request.js:1096:12)
41 error     at IncomingMessage.emit (events.js:117:20)
41 error     at _stream_readable.js:943:16
41 error     at process._tickCallback (node.js:419:13)
42 error If you need help, you may report this *entire* log,
42 error including the npm and node versions, at:
42 error     <http://github.com/npm/npm/issues>
43 error System Darwin 14.0.0
44 error command "node" "/usr/local/bin/npm" "publish"
45 error cwd /Users/kscott/Development/explodeTree
46 error node -v v0.10.32
47 error npm -v 1.4.28
48 verbose exit [ 1, true ]
